{"C:\\Programavimas\\Paysera\\cashUzduotis\\components\\cashIn.js": {"path":"C:\\Programavimas\\Paysera\\cashUzduotis\\components\\cashIn.js","statementMap":{"0":{"start":{"line":1,"column":26},"end":{"line":1,"column":44}},"1":{"start":{"line":3,"column":24},"end":{"line":14,"column":1}},"2":{"start":{"line":4,"column":13},"end":{"line":4,"column":41}},"3":{"start":{"line":5,"column":19},"end":{"line":5,"column":36}},"4":{"start":{"line":6,"column":14},"end":{"line":6,"column":33}},"5":{"start":{"line":9,"column":2},"end":{"line":13,"column":19}},"6":{"start":{"line":10,"column":4},"end":{"line":10,"column":47}},"7":{"start":{"line":11,"column":4},"end":{"line":11,"column":53}},"8":{"start":{"line":12,"column":4},"end":{"line":12,"column":33}},"9":{"start":{"line":13,"column":9},"end":{"line":13,"column":19}},"10":{"start":{"line":16,"column":0},"end":{"line":16,"column":37}}},"fnMap":{"0":{"name":"(anonymous_0)","decl":{"start":{"line":3,"column":24},"end":{"line":3,"column":25}},"loc":{"start":{"line":3,"column":51},"end":{"line":14,"column":1}},"line":3}},"branchMap":{"0":{"loc":{"start":{"line":9,"column":2},"end":{"line":13,"column":19}},"type":"if","locations":[{"start":{"line":9,"column":2},"end":{"line":13,"column":19}},{"start":{"line":9,"column":2},"end":{"line":13,"column":19}}],"line":9},"1":{"loc":{"start":{"line":9,"column":6},"end":{"line":9,"column":56}},"type":"binary-expr","locations":[{"start":{"line":9,"column":6},"end":{"line":9,"column":14}},{"start":{"line":9,"column":18},"end":{"line":9,"column":22}},{"start":{"line":9,"column":26},"end":{"line":9,"column":56}}],"line":9},"2":{"loc":{"start":{"line":11,"column":17},"end":{"line":11,"column":52}},"type":"cond-expr","locations":[{"start":{"line":11,"column":36},"end":{"line":11,"column":46}},{"start":{"line":11,"column":49},"end":{"line":11,"column":52}}],"line":11}},"s":{"0":1,"1":1,"2":6,"3":6,"4":6,"5":6,"6":4,"7":4,"8":4,"9":2,"10":1},"f":{"0":6},"b":{"0":[4,2],"1":[6,6,4],"2":[3,1]},"_coverageSchema":"1a1c01bbd47fc00a2c39e90264f33305004495a9","hash":"8cbda3e1c0caa859ff62d2948399134b7c905d3f"}
,"C:\\Programavimas\\Paysera\\cashUzduotis\\components\\cashOut.js": {"path":"C:\\Programavimas\\Paysera\\cashUzduotis\\components\\cashOut.js","statementMap":{"0":{"start":{"line":1,"column":48},"end":{"line":1,"column":66}},"1":{"start":{"line":4,"column":25},"end":{"line":23,"column":1}},"2":{"start":{"line":5,"column":13},"end":{"line":5,"column":41}},"3":{"start":{"line":6,"column":2},"end":{"line":22,"column":3}},"4":{"start":{"line":12,"column":21},"end":{"line":12,"column":38}},"5":{"start":{"line":13,"column":16},"end":{"line":13,"column":35}},"6":{"start":{"line":16,"column":4},"end":{"line":16,"column":47}},"7":{"start":{"line":17,"column":4},"end":{"line":17,"column":53}},"8":{"start":{"line":18,"column":4},"end":{"line":18,"column":33}},"9":{"start":{"line":20,"column":4},"end":{"line":20,"column":36}},"10":{"start":{"line":21,"column":4},"end":{"line":21,"column":14}},"11":{"start":{"line":26,"column":19},"end":{"line":26,"column":36}},"12":{"start":{"line":27,"column":21},"end":{"line":27,"column":47}},"13":{"start":{"line":29,"column":13},"end":{"line":29,"column":41}},"14":{"start":{"line":30,"column":32},"end":{"line":30,"column":33}},"15":{"start":{"line":31,"column":20},"end":{"line":31,"column":46}},"16":{"start":{"line":32,"column":27},"end":{"line":32,"column":60}},"17":{"start":{"line":34,"column":2},"end":{"line":63,"column":19}},"18":{"start":{"line":40,"column":4},"end":{"line":46,"column":9}},"19":{"start":{"line":42,"column":8},"end":{"line":42,"column":62}},"20":{"start":{"line":45,"column":8},"end":{"line":45,"column":60}},"21":{"start":{"line":51,"column":21},"end":{"line":51,"column":57}},"22":{"start":{"line":52,"column":4},"end":{"line":60,"column":5}},"23":{"start":{"line":53,"column":6},"end":{"line":53,"column":21}},"24":{"start":{"line":54,"column":11},"end":{"line":60,"column":5}},"25":{"start":{"line":55,"column":6},"end":{"line":59,"column":7}},"26":{"start":{"line":56,"column":8},"end":{"line":56,"column":51}},"27":{"start":{"line":58,"column":8},"end":{"line":58,"column":57}},"28":{"start":{"line":62,"column":4},"end":{"line":62,"column":33}},"29":{"start":{"line":63,"column":9},"end":{"line":63,"column":19}},"30":{"start":{"line":67,"column":2},"end":{"line":73,"column":4}},"31":{"start":{"line":76,"column":0},"end":{"line":76,"column":54}}},"fnMap":{"0":{"name":"(anonymous_0)","decl":{"start":{"line":4,"column":25},"end":{"line":4,"column":26}},"loc":{"start":{"line":4,"column":52},"end":{"line":23,"column":1}},"line":4},"1":{"name":"cashOutNatural","decl":{"start":{"line":25,"column":9},"end":{"line":25,"column":23}},"loc":{"start":{"line":25,"column":66},"end":{"line":64,"column":1}},"line":25},"2":{"name":"(anonymous_2)","decl":{"start":{"line":41,"column":14},"end":{"line":41,"column":15}},"loc":{"start":{"line":42,"column":8},"end":{"line":42,"column":62}},"line":42},"3":{"name":"(anonymous_3)","decl":{"start":{"line":44,"column":15},"end":{"line":44,"column":16}},"loc":{"start":{"line":44,"column":28},"end":{"line":46,"column":7}},"line":44},"4":{"name":"filterHelper","decl":{"start":{"line":66,"column":9},"end":{"line":66,"column":21}},"loc":{"start":{"line":66,"column":64},"end":{"line":74,"column":1}},"line":66}},"branchMap":{"0":{"loc":{"start":{"line":6,"column":2},"end":{"line":22,"column":3}},"type":"if","locations":[{"start":{"line":6,"column":2},"end":{"line":22,"column":3}},{"start":{"line":6,"column":2},"end":{"line":22,"column":3}}],"line":6},"1":{"loc":{"start":{"line":7,"column":4},"end":{"line":10,"column":35}},"type":"binary-expr","locations":[{"start":{"line":7,"column":4},"end":{"line":7,"column":12}},{"start":{"line":8,"column":4},"end":{"line":8,"column":8}},{"start":{"line":9,"column":4},"end":{"line":9,"column":41}},{"start":{"line":10,"column":4},"end":{"line":10,"column":35}}],"line":7},"2":{"loc":{"start":{"line":17,"column":17},"end":{"line":17,"column":52}},"type":"cond-expr","locations":[{"start":{"line":17,"column":36},"end":{"line":17,"column":39}},{"start":{"line":17,"column":42},"end":{"line":17,"column":52}}],"line":17},"3":{"loc":{"start":{"line":34,"column":2},"end":{"line":63,"column":19}},"type":"if","locations":[{"start":{"line":34,"column":2},"end":{"line":63,"column":19}},{"start":{"line":34,"column":2},"end":{"line":63,"column":19}}],"line":34},"4":{"loc":{"start":{"line":35,"column":4},"end":{"line":38,"column":35}},"type":"binary-expr","locations":[{"start":{"line":35,"column":4},"end":{"line":35,"column":15}},{"start":{"line":36,"column":4},"end":{"line":36,"column":12}},{"start":{"line":37,"column":4},"end":{"line":37,"column":21}},{"start":{"line":38,"column":4},"end":{"line":38,"column":35}}],"line":35},"5":{"loc":{"start":{"line":52,"column":4},"end":{"line":60,"column":5}},"type":"if","locations":[{"start":{"line":52,"column":4},"end":{"line":60,"column":5}},{"start":{"line":52,"column":4},"end":{"line":60,"column":5}}],"line":52},"6":{"loc":{"start":{"line":54,"column":11},"end":{"line":60,"column":5}},"type":"if","locations":[{"start":{"line":54,"column":11},"end":{"line":60,"column":5}},{"start":{"line":54,"column":11},"end":{"line":60,"column":5}}],"line":54},"7":{"loc":{"start":{"line":55,"column":6},"end":{"line":59,"column":7}},"type":"if","locations":[{"start":{"line":55,"column":6},"end":{"line":59,"column":7}},{"start":{"line":55,"column":6},"end":{"line":59,"column":7}}],"line":55},"8":{"loc":{"start":{"line":68,"column":4},"end":{"line":72,"column":36}},"type":"binary-expr","locations":[{"start":{"line":68,"column":4},"end":{"line":68,"column":43}},{"start":{"line":69,"column":4},"end":{"line":69,"column":31}},{"start":{"line":70,"column":4},"end":{"line":70,"column":35}},{"start":{"line":71,"column":4},"end":{"line":71,"column":48}},{"start":{"line":72,"column":4},"end":{"line":72,"column":36}}],"line":68}},"s":{"0":1,"1":1,"2":5,"3":5,"4":4,"5":4,"6":4,"7":4,"8":4,"9":1,"10":1,"11":8,"12":8,"13":8,"14":8,"15":8,"16":8,"17":8,"18":7,"19":56,"20":11,"21":7,"22":7,"23":3,"24":4,"25":4,"26":2,"27":2,"28":7,"29":1,"30":56,"31":1},"f":{"0":5,"1":8,"2":56,"3":11,"4":56},"b":{"0":[4,1],"1":[5,5,5,4],"2":[1,3],"3":[7,1],"4":[8,8,8,8],"5":[3,4],"6":[4,0],"7":[2,2],"8":[56,29,25,25,20]},"_coverageSchema":"1a1c01bbd47fc00a2c39e90264f33305004495a9","hash":"fc15f2323da2a05c71d5fd95145c60091868547e"}
,"C:\\Programavimas\\Paysera\\cashUzduotis\\components\\extra.js": {"path":"C:\\Programavimas\\Paysera\\cashUzduotis\\components\\extra.js","statementMap":{"0":{"start":{"line":1,"column":14},"end":{"line":1,"column":30}},"1":{"start":{"line":4,"column":2},"end":{"line":9,"column":3}},"2":{"start":{"line":5,"column":15},"end":{"line":5,"column":33}},"3":{"start":{"line":6,"column":4},"end":{"line":6,"column":16}},"4":{"start":{"line":8,"column":4},"end":{"line":8,"column":49}},"5":{"start":{"line":20,"column":2},"end":{"line":35,"column":7}},"6":{"start":{"line":28,"column":6},"end":{"line":28,"column":43}},"7":{"start":{"line":29,"column":6},"end":{"line":29,"column":53}},"8":{"start":{"line":30,"column":6},"end":{"line":30,"column":51}},"9":{"start":{"line":34,"column":6},"end":{"line":34,"column":25}},"10":{"start":{"line":37,"column":2},"end":{"line":37,"column":78}},"11":{"start":{"line":41,"column":19},"end":{"line":41,"column":42}},"12":{"start":{"line":42,"column":2},"end":{"line":42,"column":49}},"13":{"start":{"line":43,"column":2},"end":{"line":43,"column":20}},"14":{"start":{"line":50,"column":2},"end":{"line":50,"column":24}},"15":{"start":{"line":51,"column":18},"end":{"line":51,"column":31}},"16":{"start":{"line":52,"column":17},"end":{"line":52,"column":31}},"17":{"start":{"line":53,"column":23},"end":{"line":55,"column":3}},"18":{"start":{"line":57,"column":2},"end":{"line":57,"column":24}},"19":{"start":{"line":60,"column":0},"end":{"line":65,"column":2}}},"fnMap":{"0":{"name":"readLocalJason","decl":{"start":{"line":3,"column":9},"end":{"line":3,"column":23}},"loc":{"start":{"line":3,"column":35},"end":{"line":10,"column":1}},"line":3},"1":{"name":"getConfigData","decl":{"start":{"line":12,"column":15},"end":{"line":12,"column":28}},"loc":{"start":{"line":16,"column":2},"end":{"line":38,"column":1}},"line":16},"2":{"name":"(anonymous_2)","decl":{"start":{"line":26,"column":10},"end":{"line":26,"column":11}},"loc":{"start":{"line":26,"column":27},"end":{"line":31,"column":5}},"line":26},"3":{"name":"(anonymous_3)","decl":{"start":{"line":32,"column":11},"end":{"line":32,"column":12}},"loc":{"start":{"line":32,"column":22},"end":{"line":35,"column":5}},"line":32},"4":{"name":"roundAndCount","decl":{"start":{"line":40,"column":9},"end":{"line":40,"column":22}},"loc":{"start":{"line":40,"column":39},"end":{"line":44,"column":1}},"line":40},"5":{"name":"findMondayOfThisWeek","decl":{"start":{"line":48,"column":9},"end":{"line":48,"column":29}},"loc":{"start":{"line":48,"column":36},"end":{"line":58,"column":1}},"line":48}},"branchMap":{"0":{"loc":{"start":{"line":54,"column":37},"end":{"line":54,"column":59}},"type":"cond-expr","locations":[{"start":{"line":54,"column":53},"end":{"line":54,"column":55}},{"start":{"line":54,"column":58},"end":{"line":54,"column":59}}],"line":54}},"s":{"0":2,"1":0,"2":0,"3":0,"4":0,"5":0,"6":0,"7":0,"8":0,"9":0,"10":0,"11":12,"12":12,"13":12,"14":8,"15":8,"16":8,"17":8,"18":8,"19":2},"f":{"0":0,"1":0,"2":0,"3":0,"4":12,"5":8},"b":{"0":[2,6]},"_coverageSchema":"1a1c01bbd47fc00a2c39e90264f33305004495a9","hash":"5bf7085ed5ab7ab16a5677bedb6491a8c3aa33ab"}
}
