TN:
SF:components\cashIn.js
FN:3,(anonymous_0)
FNF:1
FNH:1
FNDA:6,(anonymous_0)
DA:1,1
DA:3,1
DA:4,6
DA:5,6
DA:6,6
DA:9,6
DA:10,4
DA:11,4
DA:12,4
DA:13,2
DA:16,1
LF:11
LH:11
BRDA:9,0,0,4
BRDA:9,0,1,2
BRDA:9,1,0,6
BRDA:9,1,1,6
BRDA:9,1,2,4
BRDA:11,2,0,3
BRDA:11,2,1,1
BRF:7
BRH:7
end_of_record
TN:
SF:components\cashOut.js
FN:4,(anonymous_0)
FN:25,cashOutNatural
FN:41,(anonymous_2)
FN:44,(anonymous_3)
FN:66,filterHelper
FNF:5
FNH:5
FNDA:5,(anonymous_0)
FNDA:8,cashOutNatural
FNDA:56,(anonymous_2)
FNDA:11,(anonymous_3)
FNDA:56,filterHelper
DA:1,1
DA:4,1
DA:5,5
DA:6,5
DA:12,4
DA:13,4
DA:16,4
DA:17,4
DA:18,4
DA:20,1
DA:21,1
DA:26,8
DA:27,8
DA:29,8
DA:30,8
DA:31,8
DA:32,8
DA:34,8
DA:40,7
DA:42,56
DA:45,11
DA:51,7
DA:52,7
DA:53,3
DA:54,4
DA:55,4
DA:56,2
DA:58,2
DA:62,7
DA:63,1
DA:67,56
DA:76,1
LF:32
LH:32
BRDA:6,0,0,4
BRDA:6,0,1,1
BRDA:7,1,0,5
BRDA:7,1,1,5
BRDA:7,1,2,5
BRDA:7,1,3,4
BRDA:17,2,0,1
BRDA:17,2,1,3
BRDA:34,3,0,7
BRDA:34,3,1,1
BRDA:35,4,0,8
BRDA:35,4,1,8
BRDA:35,4,2,8
BRDA:35,4,3,8
BRDA:52,5,0,3
BRDA:52,5,1,4
BRDA:54,6,0,4
BRDA:54,6,1,0
BRDA:55,7,0,2
BRDA:55,7,1,2
BRDA:68,8,0,56
BRDA:68,8,1,29
BRDA:68,8,2,25
BRDA:68,8,3,25
BRDA:68,8,4,20
BRF:25
BRH:24
end_of_record
TN:
SF:components\extra.js
FN:3,readLocalJason
FN:12,getConfigData
FN:26,(anonymous_2)
FN:32,(anonymous_3)
FN:40,roundAndCount
FN:48,findMondayOfThisWeek
FNF:6
FNH:2
FNDA:0,readLocalJason
FNDA:0,getConfigData
FNDA:0,(anonymous_2)
FNDA:0,(anonymous_3)
FNDA:12,roundAndCount
FNDA:8,findMondayOfThisWeek
DA:1,2
DA:4,0
DA:5,0
DA:6,0
DA:8,0
DA:20,0
DA:28,0
DA:29,0
DA:30,0
DA:34,0
DA:37,0
DA:41,12
DA:42,12
DA:43,12
DA:50,8
DA:51,8
DA:52,8
DA:53,8
DA:57,8
DA:60,2
LF:20
LH:10
BRDA:54,0,0,2
BRDA:54,0,1,6
BRF:2
BRH:2
end_of_record
